<?xml version="1.0" encoding="UTF-8"?>
<robot generator="Robot 6.0.2 (Python 3.11.4 on win32)" generated="20230706 17:25:01.719" rpa="false" schemaversion="3">
<suite id="s1" name="Search Company" source="c:\Users\Rabil\Documents\Codigir_dev\company\search_company.robot">
<test id="s1-t1" name="Login_User" line="51">
<kw name="Open Browser" library="SeleniumLibrary">
<arg>https://bo.erp.yumi.live/login</arg>
<arg>${BROWSER}</arg>
<doc>Opens a new browser instance to the optional ``url``.</doc>
<msg timestamp="20230706 17:25:02.415" level="INFO">Opening browser 'chrome' to base url 'https://bo.erp.yumi.live/login'.</msg>
<msg timestamp="20230706 17:25:02.433" level="INFO">Applicable driver not found; attempting to install with Selenium Manager (Beta)</msg>
<status status="PASS" starttime="20230706 17:25:02.412" endtime="20230706 17:25:04.471"/>
</kw>
<kw name="Maximize Browser Window" library="SeleniumLibrary">
<doc>Maximizes current browser window.</doc>
<status status="PASS" starttime="20230706 17:25:04.473" endtime="20230706 17:25:04.598"/>
</kw>
<kw name="Set Browser Implicit Wait" library="SeleniumLibrary">
<arg>5</arg>
<doc>Sets the implicit wait value used by Selenium.</doc>
<status status="PASS" starttime="20230706 17:25:04.600" endtime="20230706 17:25:04.606"/>
</kw>
<kw name="Element Should Contain" library="SeleniumLibrary">
<arg>${TextLoginAccount}</arg>
<arg>Login Account</arg>
<doc>Verifies that element ``locator`` contains text ``expected``.</doc>
<msg timestamp="20230706 17:25:04.642" level="INFO">Element 'xpath=//div[@id='__next']/div/div/div/section/div/h2' contains text 'Login Account'.</msg>
<status status="PASS" starttime="20230706 17:25:04.608" endtime="20230706 17:25:04.643"/>
</kw>
<kw name="Element Should Contain" library="SeleniumLibrary">
<arg>${WelcomeBack}</arg>
<arg>Welcome back! Please enter your detail.</arg>
<doc>Verifies that element ``locator`` contains text ``expected``.</doc>
<msg timestamp="20230706 17:25:04.671" level="INFO">Element 'xpath=//div[@id='__next']/div/div/div/section/div[2]/div' contains text 'Welcome back! Please enter your detail.'.</msg>
<status status="PASS" starttime="20230706 17:25:04.645" endtime="20230706 17:25:04.671"/>
</kw>
<kw name="Input Text" library="SeleniumLibrary">
<arg>${email}</arg>
<arg>rabilfernanda@gmail.com</arg>
<doc>Types the given ``text`` into the text field identified by ``locator``.</doc>
<msg timestamp="20230706 17:25:04.676" level="INFO">Typing text 'rabilfernanda@gmail.com' into text field 'id=mui-1'.</msg>
<status status="PASS" starttime="20230706 17:25:04.673" endtime="20230706 17:25:04.970"/>
</kw>
<kw name="Input Password" library="SeleniumLibrary">
<arg>${password}</arg>
<arg>rabil123</arg>
<doc>Types the given password into the text field identified by ``locator``.</doc>
<msg timestamp="20230706 17:25:04.975" level="INFO">Typing password into text field 'id=mui-2'.</msg>
<msg timestamp="20230706 17:25:05.021" level="INFO">Temporally setting log level to: NONE</msg>
<msg timestamp="20230706 17:25:05.250" level="INFO">Log level changed from NONE to INFO.</msg>
<status status="PASS" starttime="20230706 17:25:04.972" endtime="20230706 17:25:05.251"/>
</kw>
<kw name="Click Button" library="SeleniumLibrary">
<arg>${button_login}</arg>
<doc>Clicks the button identified by ``locator``.</doc>
<msg timestamp="20230706 17:25:05.255" level="INFO">Clicking button 'xpath=//div[@id='__next']/div/div/div[1]/section/div[6]/button[@type='button']'.</msg>
<status status="PASS" starttime="20230706 17:25:05.253" endtime="20230706 17:25:05.338"/>
</kw>
<status status="PASS" starttime="20230706 17:25:02.409" endtime="20230706 17:25:05.341"/>
</test>
<test id="s1-t2" name="Search Company" line="76">
<kw name="Set Browser Implicit Wait" library="SeleniumLibrary">
<arg>3</arg>
<doc>Sets the implicit wait value used by Selenium.</doc>
<status status="PASS" starttime="20230706 17:25:05.346" endtime="20230706 17:25:05.350"/>
</kw>
<kw name="Wait Until Element Contains" library="SeleniumLibrary">
<arg>${panel_admin}</arg>
<arg>Admin</arg>
<doc>Waits until the element ``locator`` contains ``text``.</doc>
<status status="PASS" starttime="20230706 17:25:05.351" endtime="20230706 17:25:05.815"/>
</kw>
<kw name="Click Element" library="SeleniumLibrary">
<arg>${panel_admin}</arg>
<doc>Click the element identified by ``locator``.</doc>
<msg timestamp="20230706 17:25:05.819" level="INFO">Clicking element 'xpath=//div[@id='panel1a-header']/div[@class='MuiAccordionSummary-content MuiAccordionSummary-contentGutters css-17o5nyn']'.</msg>
<status status="PASS" starttime="20230706 17:25:05.816" endtime="20230706 17:25:05.876"/>
</kw>
<kw name="Click Element" library="SeleniumLibrary">
<arg>${company_management}</arg>
<doc>Click the element identified by ``locator``.</doc>
<msg timestamp="20230706 17:25:05.880" level="INFO">Clicking element 'xpath=/html//div[@id='__next']/div[@class='MuiBox-root css-ayjhuo']/div[@class='MuiBox-root css-1ewveix']/div/div[1]/div[4]/div/div[2]//div[@role='region']//a[@href='/admin/company']'.</msg>
<status status="PASS" starttime="20230706 17:25:05.878" endtime="20230706 17:25:06.185"/>
</kw>
<kw name="Set Browser Implicit Wait" library="SeleniumLibrary">
<arg>3</arg>
<doc>Sets the implicit wait value used by Selenium.</doc>
<status status="PASS" starttime="20230706 17:25:06.187" endtime="20230706 17:25:06.192"/>
</kw>
<kw name="Wait Until Element Is Visible" library="SeleniumLibrary">
<arg>${button_search}</arg>
<doc>Waits until the element ``locator`` is visible.</doc>
<status status="PASS" starttime="20230706 17:25:06.193" endtime="20230706 17:25:06.227"/>
</kw>
<kw name="Click Element" library="SeleniumLibrary">
<arg>${button_search}</arg>
<doc>Click the element identified by ``locator``.</doc>
<msg timestamp="20230706 17:25:06.231" level="INFO">Clicking element 'xpath=/html//div[@id='__next']/div[@class='MuiBox-root css-ayjhuo']/div[@class='MuiBox-root css-1hwv2q0']/div[@class='MuiBox-root css-13o7eu2']/div//input'.</msg>
<status status="PASS" starttime="20230706 17:25:06.228" endtime="20230706 17:25:06.278"/>
</kw>
<kw name="Set Browser Implicit Wait" library="SeleniumLibrary">
<arg>3</arg>
<doc>Sets the implicit wait value used by Selenium.</doc>
<status status="PASS" starttime="20230706 17:25:06.280" endtime="20230706 17:25:06.284"/>
</kw>
<kw name="Input Text" library="SeleniumLibrary">
<arg>${button_search}</arg>
<arg>PT Wal</arg>
<doc>Types the given ``text`` into the text field identified by ``locator``.</doc>
<msg timestamp="20230706 17:25:06.288" level="INFO">Typing text 'PT Wal' into text field 'xpath=/html//div[@id='__next']/div[@class='MuiBox-root css-ayjhuo']/div[@class='MuiBox-root css-1hwv2q0']/div[@class='MuiBox-root css-13o7eu2']/div//input'.</msg>
<status status="PASS" starttime="20230706 17:25:06.286" endtime="20230706 17:25:06.409"/>
</kw>
<kw name="Sleep" library="BuiltIn">
<arg>5s</arg>
<doc>Pauses the test executed for the given time.</doc>
<msg timestamp="20230706 17:25:11.414" level="INFO">Slept 5 seconds</msg>
<status status="PASS" starttime="20230706 17:25:06.412" endtime="20230706 17:25:11.415"/>
</kw>
<kw name="Close Browser" library="SeleniumLibrary" type="TEARDOWN">
<doc>Closes the current browser.</doc>
<status status="PASS" starttime="20230706 17:25:11.416" endtime="20230706 17:25:13.598"/>
</kw>
<status status="PASS" starttime="20230706 17:25:05.344" endtime="20230706 17:25:13.600"/>
</test>
<status status="PASS" starttime="20230706 17:25:01.740" endtime="20230706 17:25:13.604"/>
</suite>
<statistics>
<total>
<stat pass="2" fail="0" skip="0">All Tests</stat>
</total>
<tag>
</tag>
<suite>
<stat pass="2" fail="0" skip="0" id="s1" name="Search Company">Search Company</stat>
</suite>
</statistics>
<errors>
</errors>
</robot>
