<?xml version="1.0" encoding="UTF-8"?>
<robot generator="Robot 6.0.2 (Python 3.11.4 on win32)" generated="20230704 14:15:04.126" rpa="false" schemaversion="3">
<suite id="s1" name="Create Product Variant" source="c:\Users\Rabil\Documents\Codigir_dev\folder_variant\create_product_variant.robot">
<test id="s1-t1" name="Login_User" line="64">
<kw name="Open Browser" library="SeleniumLibrary">
<arg>https://bo.erp.yumi.live/login</arg>
<arg>${BROWSER}</arg>
<doc>Opens a new browser instance to the optional ``url``.</doc>
<msg timestamp="20230704 14:15:04.591" level="INFO">Opening browser 'chrome' to base url 'https://bo.erp.yumi.live/login'.</msg>
<msg timestamp="20230704 14:15:04.602" level="INFO">Applicable driver not found; attempting to install with Selenium Manager (Beta)</msg>
<status status="PASS" starttime="20230704 14:15:04.588" endtime="20230704 14:15:07.698"/>
</kw>
<kw name="Maximize Browser Window" library="SeleniumLibrary">
<doc>Maximizes current browser window.</doc>
<status status="PASS" starttime="20230704 14:15:07.700" endtime="20230704 14:15:07.819"/>
</kw>
<kw name="Set Browser Implicit Wait" library="SeleniumLibrary">
<arg>5</arg>
<doc>Sets the implicit wait value used by Selenium.</doc>
<status status="PASS" starttime="20230704 14:15:07.820" endtime="20230704 14:15:07.824"/>
</kw>
<kw name="Element Should Contain" library="SeleniumLibrary">
<arg>${TextLoginAccount}</arg>
<arg>Login Account</arg>
<doc>Verifies that element ``locator`` contains text ``expected``.</doc>
<msg timestamp="20230704 14:15:07.847" level="INFO">Element 'xpath=//div[@id='__next']/div/div/div/section/div/h2' contains text 'Login Account'.</msg>
<status status="PASS" starttime="20230704 14:15:07.825" endtime="20230704 14:15:07.847"/>
</kw>
<kw name="Element Should Contain" library="SeleniumLibrary">
<arg>${WelcomeBack}</arg>
<arg>Welcome back! Please enter your detail.</arg>
<doc>Verifies that element ``locator`` contains text ``expected``.</doc>
<msg timestamp="20230704 14:15:07.866" level="INFO">Element 'xpath=//div[@id='__next']/div/div/div/section/div[2]/div' contains text 'Welcome back! Please enter your detail.'.</msg>
<status status="PASS" starttime="20230704 14:15:07.848" endtime="20230704 14:15:07.866"/>
</kw>
<kw name="Input Text" library="SeleniumLibrary">
<arg>${email}</arg>
<arg>rabilfernanda@gmail.com</arg>
<doc>Types the given ``text`` into the text field identified by ``locator``.</doc>
<msg timestamp="20230704 14:15:07.869" level="INFO">Typing text 'rabilfernanda@gmail.com' into text field 'id=mui-1'.</msg>
<status status="PASS" starttime="20230704 14:15:07.867" endtime="20230704 14:15:08.076"/>
</kw>
<kw name="Input Password" library="SeleniumLibrary">
<arg>${password}</arg>
<arg>rabil123</arg>
<doc>Types the given password into the text field identified by ``locator``.</doc>
<msg timestamp="20230704 14:15:08.079" level="INFO">Typing password into text field 'id=mui-2'.</msg>
<msg timestamp="20230704 14:15:08.105" level="INFO">Temporally setting log level to: NONE</msg>
<msg timestamp="20230704 14:15:08.180" level="INFO">Log level changed from NONE to INFO.</msg>
<status status="PASS" starttime="20230704 14:15:08.077" endtime="20230704 14:15:08.180"/>
</kw>
<kw name="Click Button" library="SeleniumLibrary">
<arg>${button_login}</arg>
<doc>Clicks the button identified by ``locator``.</doc>
<msg timestamp="20230704 14:15:08.183" level="INFO">Clicking button 'xpath=//div[@id='__next']/div/div/div[1]/section/div[6]/button[@type='button']'.</msg>
<status status="PASS" starttime="20230704 14:15:08.182" endtime="20230704 14:15:08.241"/>
</kw>
<status status="PASS" starttime="20230704 14:15:04.586" endtime="20230704 14:15:08.242"/>
</test>
<test id="s1-t2" name="Create New Product Variant" line="73">
<kw name="Set Browser Implicit Wait" library="SeleniumLibrary">
<arg>3</arg>
<doc>Sets the implicit wait value used by Selenium.</doc>
<status status="PASS" starttime="20230704 14:15:08.247" endtime="20230704 14:15:08.249"/>
</kw>
<kw name="Wait Until Element Contains" library="SeleniumLibrary">
<arg>${text_office_management}</arg>
<arg>Office Management</arg>
<doc>Waits until the element ``locator`` contains ``text``.</doc>
<status status="PASS" starttime="20230704 14:15:08.250" endtime="20230704 14:15:23.364"/>
</kw>
<kw name="Click Element" library="SeleniumLibrary">
<arg>${panel_product}</arg>
<doc>Click the element identified by ``locator``.</doc>
<msg timestamp="20230704 14:15:23.367" level="INFO">Clicking element 'xpath=/html//div[@id='__next']/div[@class='MuiBox-root css-ayjhuo']/div[@class='MuiBox-root css-1ewveix']/div/div[1]/div[5]/div/div[@role='button']/div[1]/div[.='Product']'.</msg>
<status status="PASS" starttime="20230704 14:15:23.365" endtime="20230704 14:15:23.405"/>
</kw>
<kw name="Click Element" library="SeleniumLibrary">
<arg>${master_product}</arg>
<doc>Click the element identified by ``locator``.</doc>
<msg timestamp="20230704 14:15:23.407" level="INFO">Clicking element 'xpath=/html//div[@id='__next']/div[@class='MuiBox-root css-ayjhuo']/div[@class='MuiBox-root css-1ewveix']/div/div[1]/div[5]/div/div[2]//div[@role='region']//a[@href='/product/master-product']'.</msg>
<status status="PASS" starttime="20230704 14:15:23.405" endtime="20230704 14:15:23.447"/>
</kw>
<kw name="Wait Until Element Contains" library="SeleniumLibrary">
<arg>${element_master_product}</arg>
<arg>Master Product</arg>
<doc>Waits until the element ``locator`` contains ``text``.</doc>
<status status="PASS" starttime="20230704 14:15:23.449" endtime="20230704 14:15:23.720"/>
</kw>
<status status="PASS" starttime="20230704 14:15:08.245" endtime="20230704 14:15:23.721"/>
</test>
<test id="s1-t3" name=" Add New Master Product" line="81">
<kw name="Sleep" library="BuiltIn">
<arg>5s</arg>
<doc>Pauses the test executed for the given time.</doc>
<msg timestamp="20230704 14:15:28.728" level="INFO">Slept 5 seconds</msg>
<status status="PASS" starttime="20230704 14:15:23.726" endtime="20230704 14:15:28.728"/>
</kw>
<kw name="Close Browser" library="SeleniumLibrary" type="TEARDOWN">
<doc>Closes the current browser.</doc>
<status status="PASS" starttime="20230704 14:15:28.730" endtime="20230704 14:15:30.834"/>
</kw>
<status status="PASS" starttime="20230704 14:15:23.724" endtime="20230704 14:15:30.836"/>
</test>
<status status="PASS" starttime="20230704 14:15:04.136" endtime="20230704 14:15:30.838"/>
</suite>
<statistics>
<total>
<stat pass="3" fail="0" skip="0">All Tests</stat>
</total>
<tag>
</tag>
<suite>
<stat pass="3" fail="0" skip="0" id="s1" name="Create Product Variant">Create Product Variant</stat>
</suite>
</statistics>
<errors>
</errors>
</robot>
